The system is: Windows - 6.1.7601 - AMD64
Compiling the C compiler identification source file "CMakeCCompilerId.c" succeeded.
Compiler: C:/Program Files (x86)/Microsoft Visual Studio 14.0/VC/bin/amd64/cl.exe 
Build flags: 
Id flags: 

The output was:
0
Microsoft (R) C/C++ Optimizing Compiler Version 19.00.24215.1 for x64
Copyright (C) Microsoft Corporation.  All rights reserved.

CMakeCCompilerId.c
Microsoft (R) Incremental Linker Version 14.00.24215.1
Copyright (C) Microsoft Corporation.  All rights reserved.

/out:CMakeCCompilerId.exe 
CMakeCCompilerId.obj 


Compilation of the C compiler identification source "CMakeCCompilerId.c" produced "CMakeCCompilerId.exe"

Compilation of the C compiler identification source "CMakeCCompilerId.c" produced "CMakeCCompilerId.obj"

The C compiler identification is MSVC, found in "C:/Users/rbsteinm/Google Drive/EPFL/MA1/D3DGP/3D-geometry/Ex3/CMakeFiles/3.7.0-rc1/CompilerIdC/CMakeCCompilerId.exe"

Compiling the CXX compiler identification source file "CMakeCXXCompilerId.cpp" succeeded.
Compiler: C:/Program Files (x86)/Microsoft Visual Studio 14.0/VC/BIN/cl.exe 
Build flags: 
Id flags: -c

The output was:
0
Microsoft (R) C/C++ Optimizing Compiler Version 19.00.24215.1 for x86
Copyright (C) Microsoft Corporation.  All rights reserved.

CMakeCXXCompilerId.cpp


Compilation of the CXX compiler identification source "CMakeCXXCompilerId.cpp" produced "CMakeCXXCompilerId.obj"

The CXX compiler identification is MSVC, found in "C:/Users/rbsteinm/Google Drive/EPFL/MA1/D3DGP/3D-geometry/Ex3/CMakeFiles/3.7.0-rc1/CompilerIdCXX/CMakeCXXCompilerId.obj"

Determining if the C compiler works passed with the following output:
Change Dir: C:/Users/rbsteinm/Google Drive/EPFL/MA1/D3DGP/3D-geometry/Ex3/CMakeFiles/CMakeTmp

Run Build Command:"nmake" "/NOLOGO" "cmTC_fcf4c\fast"
	"C:\Program Files (x86)\Microsoft Visual Studio 14.0\VC\BIN\amd64\nmake.exe" -f CMakeFiles\cmTC_fcf4c.dir\build.make /nologo -L                  CMakeFiles\cmTC_fcf4c.dir\build
Building C object CMakeFiles/cmTC_fcf4c.dir/testCCompiler.c.obj
	C:\PROGRA~2\MICROS~1.0\VC\bin\amd64\cl.exe  @C:\Users\rbsteinm\AppData\Local\Temp\nmBE01.tmp
testCCompiler.c
Linking C executable cmTC_fcf4c.exe
	"C:\Program Files\CMake\bin\cmake.exe" -E vs_link_exe --intdir=CMakeFiles\cmTC_fcf4c.dir --manifests  -- C:\PROGRA~2\MICROS~1.0\VC\bin\amd64\link.exe /nologo @CMakeFiles\cmTC_fcf4c.dir\objects1.rsp @C:\Users\rbsteinm\AppData\Local\Temp\nmBF78.tmp


Detecting C compiler ABI info compiled with the following output:
Change Dir: C:/Users/rbsteinm/Google Drive/EPFL/MA1/D3DGP/3D-geometry/Ex3/CMakeFiles/CMakeTmp

Run Build Command:"nmake" "/NOLOGO" "cmTC_1b337\fast"
	"C:\Program Files (x86)\Microsoft Visual Studio 14.0\VC\BIN\amd64\nmake.exe" -f CMakeFiles\cmTC_1b337.dir\build.make /nologo -L                  CMakeFiles\cmTC_1b337.dir\build
Building C object CMakeFiles/cmTC_1b337.dir/CMakeCCompilerABI.c.obj
	C:\PROGRA~2\MICROS~1.0\VC\bin\amd64\cl.exe  @C:\Users\rbsteinm\AppData\Local\Temp\nmC264.tmp
CMakeCCompilerABI.c
Linking C executable cmTC_1b337.exe
	"C:\Program Files\CMake\bin\cmake.exe" -E vs_link_exe --intdir=CMakeFiles\cmTC_1b337.dir --manifests  -- C:\PROGRA~2\MICROS~1.0\VC\bin\amd64\link.exe /nologo @CMakeFiles\cmTC_1b337.dir\objects1.rsp @C:\Users\rbsteinm\AppData\Local\Temp\nmC2E2.tmp


Compiling the CXX compiler identification source file "CMakeCXXCompilerId.cpp" succeeded.
Compiler: C:/Program Files (x86)/Microsoft Visual Studio 14.0/VC/BIN/cl.exe 
Build flags: /DWIN32;/D_WINDOWS;/W3;/GR;/EHsc
Id flags: -c

The output was:
0
Microsoft (R) C/C++ Optimizing Compiler Version 19.00.24215.1 for x86
Copyright (C) Microsoft Corporation.  All rights reserved.

CMakeCXXCompilerId.cpp


Compilation of the CXX compiler identification source "CMakeCXXCompilerId.cpp" produced "CMakeCXXCompilerId.obj"

The CXX compiler identification is MSVC, found in "C:/Users/rbsteinm/Google Drive/EPFL/MA1/D3DGP/3D-geometry/Ex3/CMakeFiles/3.7.0-rc1/CompilerIdCXX/CMakeCXXCompilerId.obj"

